\BOOKMARK [1][-]{section.1}{Task 1}{}% 1
\BOOKMARK [2][-]{subsection.1.1}{Task 1a}{section.1}% 2
\BOOKMARK [3][-]{subsubsection.1.1.1}{struct myint\137t}{subsection.1.1}% 3
\BOOKMARK [3][-]{subsubsection.1.1.2}{generate\(\)}{subsection.1.1}% 4
\BOOKMARK [3][-]{subsubsection.1.1.3}{shuffle\(\)}{subsection.1.1}% 5
\BOOKMARK [3][-]{subsubsection.1.1.4}{sort\(\)}{subsection.1.1}% 6
\BOOKMARK [3][-]{subsubsection.1.1.5}{shoot\(\)}{subsection.1.1}% 7
\BOOKMARK [3][-]{subsubsection.1.1.6}{target\(\)}{subsection.1.1}% 8
\BOOKMARK [2][-]{subsection.1.2}{Task 1b}{section.1}% 9
\BOOKMARK [3][-]{subsubsection.1.2.1}{str\137create\137t\(\)}{subsection.1.2}% 10
\BOOKMARK [3][-]{subsubsection.1.2.2}{str\137generate\(\)}{subsection.1.2}% 11
\BOOKMARK [3][-]{subsubsection.1.2.3}{str\137shuffle\(\)}{subsection.1.2}% 12
\BOOKMARK [3][-]{subsubsection.1.2.4}{str\137sort\(\)}{subsection.1.2}% 13
\BOOKMARK [3][-]{subsubsection.1.2.5}{str\137shoot\(\)}{subsection.1.2}% 14
\BOOKMARK [3][-]{subsubsection.1.2.6}{str\137target\(\)}{subsection.1.2}% 15
\BOOKMARK [2][-]{subsection.1.3}{Task 1c}{section.1}% 16
\BOOKMARK [1][-]{section.2}{Task 2}{}% 17
\BOOKMARK [2][-]{subsection.2.1}{Task 2a}{section.2}% 18
\BOOKMARK [3][-]{subsubsection.2.1.1}{Structs used}{subsection.2.1}% 19
\BOOKMARK [3][-]{subsubsection.2.1.2}{initializeMsgQs}{subsection.2.1}% 20
\BOOKMARK [3][-]{subsubsection.2.1.3}{unloadMsgQs}{subsection.2.1}% 21
\BOOKMARK [3][-]{subsubsection.2.1.4}{createQ}{subsection.2.1}% 22
\BOOKMARK [3][-]{subsubsection.2.1.5}{listQs}{subsection.2.1}% 23
\BOOKMARK [3][-]{subsubsection.2.1.6}{deleteQ}{subsection.2.1}% 24
\BOOKMARK [3][-]{subsubsection.2.1.7}{sendMessage}{subsection.2.1}% 25
\BOOKMARK [3][-]{subsubsection.2.1.8}{sendMessageBatch}{subsection.2.1}% 26
\BOOKMARK [3][-]{subsubsection.2.1.9}{receiveMessage}{subsection.2.1}% 27
\BOOKMARK [3][-]{subsubsection.2.1.10}{purgeQs}{subsection.2.1}% 28
\BOOKMARK [3][-]{subsubsection.2.1.11}{persistQ}{subsection.2.1}% 29
\BOOKMARK [3][-]{subsubsection.2.1.12}{restoreQ}{subsection.2.1}% 30
\BOOKMARK [2][-]{subsection.2.2}{Task 2b}{section.2}% 31
\BOOKMARK [3][-]{subsubsection.2.2.1}{Structs used}{subsection.2.2}% 32
\BOOKMARK [3][-]{subsubsection.2.2.2}{initializeMsgQs}{subsection.2.2}% 33
\BOOKMARK [3][-]{subsubsection.2.2.3}{unloadMsgQs}{subsection.2.2}% 34
\BOOKMARK [3][-]{subsubsection.2.2.4}{createQ}{subsection.2.2}% 35
\BOOKMARK [3][-]{subsubsection.2.2.5}{listQs}{subsection.2.2}% 36
\BOOKMARK [3][-]{subsubsection.2.2.6}{deleteQ}{subsection.2.2}% 37
\BOOKMARK [3][-]{subsubsection.2.2.7}{RLP}{subsection.2.2}% 38
\BOOKMARK [3][-]{subsubsection.2.2.8}{sendMessage}{subsection.2.2}% 39
\BOOKMARK [3][-]{subsubsection.2.2.9}{sendMessageBatch}{subsection.2.2}% 40
\BOOKMARK [3][-]{subsubsection.2.2.10}{receiveMessages}{subsection.2.2}% 41
\BOOKMARK [3][-]{subsubsection.2.2.11}{purgeQs}{subsection.2.2}% 42
\BOOKMARK [3][-]{subsubsection.2.2.12}{persistQ}{subsection.2.2}% 43
\BOOKMARK [3][-]{subsubsection.2.2.13}{restoreQ}{subsection.2.2}% 44
\BOOKMARK [2][-]{subsection.2.3}{Limitations and known bugs}{section.2}% 45
\BOOKMARK [2][-]{subsection.2.4}{Task 2c}{section.2}% 46
